 [1] 0.000000 1.000037 1.000037 1.000037 1.000037 1.000037 1.000037 1.000037
 [9] 1.000037 1.000037 1.000037 1.000037
 [1] 0.000000 1.483803 2.000035 2.000035 2.000035 2.000035 2.000035 2.000035
 [9] 2.000035 2.000035 2.000035 2.000035
 [1] 0.000000 1.483803 2.474742 3.000033 3.000033 3.000033 3.000033 3.000033
 [9] 3.000033 3.000033 3.000033 3.000033
 [1] 0.000000 1.483803 2.755238 3.645343 4.000031 4.000031 4.000031 4.000031
 [9] 4.000031 4.000031 4.000031 4.000031
 [1] 0.000000 1.483803 3.155068 4.066865 4.736391 5.000027 5.000027 5.000027
 [9] 5.000027 5.000027 5.000027 5.000027
 [1] 0.000000 1.710598 3.523391 4.703429 5.288800 5.761087 6.000020 6.000020
 [9] 6.000020 6.000020 6.000020 6.000020
 [1] 0.000000 1.947752 3.972471 5.319618 5.891082 6.454476 6.871033 6.999953
 [9] 6.999953 6.999953 6.999953 6.999953
 [1] 0.8847401 2.1042075 4.3729316 5.9005930 6.5370497 7.1893794 7.5888232
 [8] 7.8639274 7.9998452 7.9998452 7.9998452 7.9998452
 [1] 0.8847401 2.4544704 4.8530386 6.4798202 7.2283036 7.9010356 8.3412240
 [8] 8.6243486 8.8664141 8.9995129 8.9995129 8.9995129
 [1] 0.8847401 2.8560562 5.4534356 7.1321577 7.9194933 8.6456043 9.1198974
 [8] 9.3942803 9.6555619 9.9979151 9.9979151 9.9979151
 [1]  0.8847401  3.2436636  6.0526556  7.8447588  8.6778204  9.3995618
 [7]  9.8864363 10.1915499 10.4461463 10.8882818 10.9919165 10.9919165
 [1]  1.347609  3.664737  6.657948  8.542000  9.428951 10.154973 10.670081
 [8] 10.981169 11.254213 11.705237 11.970838 11.970838
 [1]  1.940040  4.080143  7.295172  9.272880 10.168427 10.927808 11.462150
 [8] 11.770925 12.045879 12.500308 12.906732 12.906732
 [1]  2.404672  4.482241  7.930187  9.975133 10.931462 11.699326 12.223885
 [8] 12.539070 12.808016 13.250860 13.761033 13.761033
 [1]  2.858386  4.898221  8.521453 10.649661 11.656755 12.436399 12.948564
 [8] 13.249611 13.509126 13.925579 14.502301 14.502301
 [1]  5.156090  6.163227 10.168511 12.425704 13.468566 14.187900 14.599148
 [8] 14.834138 15.014277 15.279502 15.605751 15.697836
 [1]  6.737475  6.985874 11.027547 13.240774 14.241729 14.872565 15.186337
 [8] 15.362570 15.484401 15.640426 15.787561 15.831762
 [1] 10.738598  8.241486 12.162693 14.150904 15.039272 15.469072 15.654263
 [8] 15.747729 15.793868 15.833137 15.849364 15.851146
 [1] 14.386315  8.470276 12.381060 14.288755 15.150623 15.532973 15.701608
 [8] 15.782210 15.819540 15.844680 15.850971 15.851263
 [1] 15.759075  8.472738 12.385290 14.292096 15.154748 15.534972 15.703113
 [8] 15.783587 15.820484 15.845126 15.850977 15.851266
 [1] 15.850797  8.472738 12.385290 14.292096 15.154748 15.534972 15.703113
 [8] 15.783587 15.820484 15.845126 15.850977 15.851266
 [1] 0.0000000 0.9999798 0.9999798 0.9999798 0.9999798 0.9999798 0.9999798
 [8] 0.9999798 0.9999798 0.9999798 0.9999798 0.9999798
 [1] 0.000000 1.493495 1.995919 1.995919 1.995919 1.995919 1.995919 1.995919
 [9] 1.995919 1.995919 1.995919 1.995919
 [1] 0.000000 1.493495 2.472452 2.992211 2.992211 2.992211 2.992211 2.992211
 [9] 2.992211 2.992211 2.992211 2.992211
 [1] 0.000000 1.493495 2.720853 3.593237 3.972153 3.972153 3.972153 3.972153
 [9] 3.972153 3.972153 3.972153 3.972153
 [1] 0.000000 1.493495 3.084762 3.974785 4.661317 4.952383 4.952383 4.952383
 [9] 4.952383 4.952383 4.952383 4.952383
 [1] 0.000000 1.702982 3.409211 4.548300 5.190142 5.661084 5.931598 5.931598
 [9] 5.931598 5.931598 5.931598 5.931598
 [1] 0.000000 1.896615 3.811391 5.088945 5.725767 6.279337 6.727980 6.902418
 [9] 6.902418 6.902418 6.902418 6.902418
 [1] 0.8476615 2.0364704 4.1223471 5.5584681 6.2988035 6.9655253 7.3561122
 [8] 7.6706655 7.8542049 7.8542049 7.8542049 7.8542049
 [1] 0.8476615 2.3657785 4.5033333 6.0546623 6.8954514 7.5960791 8.0086174
 [8] 8.3139394 8.6329443 8.8068780 8.8068780 8.8068780
 [1] 0.8476615 2.7451882 5.0692458 6.6086817 7.4643017 8.2548543 8.6972255
 [8] 8.9725148 9.3186507 9.7509944 9.7509944 9.7509944
 [1]  0.8476615  3.0946687  5.5883675  7.2236211  8.1510879  8.8936690
 [7]  9.3630328  9.6641789 10.0153286 10.5439080 10.6809045 10.6809045
 [1]  1.327424  3.477998  6.117601  7.817687  8.799651  9.566831 10.039351
 [8] 10.358632 10.725155 11.259669 11.582978 11.582978
 [1]  1.912863  3.834721  6.686295  8.466855  9.427159 10.256507 10.746924
 [8] 11.048928 11.402150 11.936547 12.418106 12.418106
 [1]  2.387231  4.167023  7.250245  9.078561 10.098019 10.956132 11.414971
 [8] 11.715510 12.051803 12.561939 13.147071 13.147071
 [1]  2.868709  4.532798  7.737171  9.668889 10.735872 11.597702 12.047098
 [8] 12.327089 12.652419 13.120770 13.745109 13.745109
 [1]  4.957630  5.628619  9.223472 11.284948 12.381762 13.207249 13.540878
 [8] 13.747105 13.945069 14.228037 14.547152 14.623075
 [1]  6.301579  6.366062 10.039022 12.084843 13.116469 13.868973 14.109341
 [8] 14.257470 14.374385 14.532437 14.669361 14.699330
 [1]  9.710640  7.571687 11.211723 13.072906 13.938809 14.460538 14.566059
 [8] 14.641654 14.668061 14.697778 14.708801 14.709584
 [1] 13.133812  7.837358 11.476162 13.244378 14.063657 14.519007 14.606485
 [8] 14.672300 14.690704 14.706125 14.709546 14.709643
 [1] 14.595420  7.840629 11.482492 13.248338 14.068589 14.520837 14.607913
 [8] 14.673508 14.691533 14.706303 14.709546 14.709643
 [1] 14.708829  7.840629 11.482492 13.248338 14.068589 14.520837 14.607913
 [8] 14.673508 14.691533 14.706303 14.709546 14.709643
